[
  {
    "level": "INFO",
    "message": "android.ndkVersion from module build.gradle is not set"
  },
  {
    "level": "INFO",
    "message": "ndk.dir in local.properties is E:\\Android_development_windows\\android-sdk-windows\\ndk\\16.1.4479499"
  },
  {
    "level": "INFO",
    "message": "ANDROID_NDK_HOME environment variable is not set"
  },
  {
    "level": "INFO",
    "message": "sdkFolder is E:\\Android_development_windows\\android-sdk-windows"
  },
  {
    "level": "INFO",
    "message": "Considering E:\\Android_development_windows\\android-sdk-windows\\ndk\\16.1.4479499 by ndk.dir"
  },
  {
    "level": "INFO",
    "message": "Considering E:\\Android_development_windows\\android-sdk-windows\\ndk-bundle in SDK ndk-bundle folder"
  },
  {
    "level": "INFO",
    "message": "Considering E:\\Android_development_windows\\android-sdk-windows\\ndk\\16.1.4479499 in SDK ndk folder"
  },
  {
    "level": "INFO",
    "message": "Considering E:\\Android_development_windows\\android-sdk-windows\\ndk\\21.1.6352462 in SDK ndk folder"
  },
  {
    "level": "INFO",
    "message": "Considering E:\\Android_development_windows\\android-sdk-windows\\ndk\\21.2.6472646 in SDK ndk folder"
  },
  {
    "level": "INFO",
    "message": "Considering E:\\Android_development_windows\\android-sdk-windows\\ndk\\android-ndk-r13b in SDK ndk folder"
  },
  {
    "level": "INFO",
    "message": "Rejected E:\\Android_development_windows\\android-sdk-windows\\ndk-bundle in SDK ndk-bundle folder because that location has no source.properties"
  },
  {
    "level": "INFO",
    "message": "Found requested ndk.dir (E:\\Android_development_windows\\android-sdk-windows\\ndk\\16.1.4479499) which has version 16.1.4479499"
  }
]